Arguments: 
  C:\Program Files\nodejs\node.exe C:\Users\nebre\AppData\Roaming\npm\node_modules\yarn\bin\yarn.js add docusaurus --dev

PATH: 
  C:\Users\nebre\bin;C:\Program Files\Git\mingw64\bin;C:\Program Files\Git\usr\local\bin;C:\Program Files\Git\usr\bin;C:\Program Files\Git\usr\bin;C:\Program Files\Git\mingw64\bin;C:\Program Files\Git\usr\bin;C:\Users\nebre\Desktop\Coding\bin;C:\Program Files (x86)\Intel\iCLS Client;C:\Program Files\Python36\Scripts;C:\Program Files\Python36;C:\Program Files\Intel\iCLS Client;C:\WINDOWS\system32;C:\WINDOWS;C:\WINDOWS\System32\Wbem;C:\WINDOWS\System32\WindowsPowerShell\v1.0;C:\Program Files\Git\cmd;C:\Program Files (x86)\GtkSharp\2.12\bin;C:\Program Files\nodejs;C:\Program Files (x86)\GTK2-Runtime\bin;C:\Program Files\Python36;C:\yagarto-20121222\bin;C:\WINDOWS\System32\OpenSSH;C:\Program Files\PuTTY;C:\Program Files (x86)\GnuWin32\bin;C:\Program Files (x86)\Intel\Intel(R) Management Engine Components\DAL;C:\Program Files\Intel\Intel(R) Management Engine Components\DAL;C:\Program Files (x86)\Intel\Intel(R) Management Engine Components\IPT;C:\Program Files\Intel\Intel(R) Management Engine Components\IPT;C:\Go\bin;C:\Program Files\CMake\bin;C:\Users\nebre\scoop\shims;C:\Users\nebre\.cargo\bin;C:\Ruby24-x64\bin;C:\Users\nebre\AppData\Local\Microsoft\WindowsApps;C:\Users\nebre\AppData\Local\atom\bin;C:\Users\nebre\AppData\Local\GitHubDesktop\bin;C:\Program Files (x86)\Nmap;C:\Users\nebre\AppData\Roaming\npm;C:\Program Files\Microsoft VS Code\bin;C:\Users\nebre\AppData\Local\Microsoft\WindowsApps;C:\Program Files\Python36;C:\Program Files (x86)\GnuWin32\bin;C:\Program Files\7-Zip;C:\Program Files\Oracle\VirtualBox;C:\Program Files\qemu;C:\Program Files\Git\cmd;C:\Program Files\Git\usr\bin\vendor_perl;C:\Program Files\Git\usr\bin\core_perl

Yarn version: 
  1.7.0

Node version: 
  8.9.0

Platform: 
  win32 x64

Trace: 
  Error: getaddrinfo ENOENT registry.yarnpkg.com:443
      at Object._errnoException (util.js:1024:11)
      at errnoException (dns.js:55:15)
      at GetAddrInfoReqWrap.onlookup [as oncomplete] (dns.js:92:26)

npm manifest: 
  {
    "scripts": {
      "examples": "docusaurus-examples"
    }
  }

yarn manifest: 
  No manifest

Lockfile: 
  No lockfile
